# FEATURE-008-TASK-8.5 작업 시간 로그

## 작업 정보
- Task 번호: 8.5
- Task 제목: setup_sidebar() 함수 모델/Deployment 목록 분리
- GitHub Issue: #14
- 작업 브랜치: issue-14
- PR 번호: #21
- 작업 날짜: 2026-01-31

## 작업 시간 상세

### [DOC] FEATURE 진행현황 업데이트
- 시작: 2026-01-31T09:54:00+09:00
- 완료: 2026-01-31T09:55:00+09:00
- 소요: 1분

### [ETC] 이슈 불러오기
- 시작: 2026-01-31T09:55:00+09:00
- 완료: 2026-01-31T09:56:00+09:00
- 소요: 1분

### [ETC] 브랜치 세팅
- 시작: 2026-01-31T09:56:00+09:00
- 완료: 2026-01-31T09:57:00+09:00
- 소요: 1분

### [DOC] 코드베이스 분석
- 시작: 2026-01-31T09:57:00+09:00
- 완료: 2026-01-31T10:07:00+09:00
- 소요: 10분

### [DOC] 이슈 해결 계획 수립
- 시작: 2026-01-31T10:07:00+09:00
- 완료: 2026-01-31T10:15:00+09:00
- 소요: 8분

### [CODE] 이슈 해결 (코드 작성)
- 시작: 2026-01-31T10:15:00+09:00
- 완료: 2026-01-31T10:30:00+09:00
- 소요: 15분

### [TEST] 테스트 작성 및 실행
- 시작: 2026-01-31T10:30:00+09:00
- 완료: 2026-01-31T10:45:00+09:00
- 소요: 15분

### [TEST] 검증 (테스트/린트/빌드)
- 시작: 2026-01-31T10:45:00+09:00
- 완료: 2026-01-31T10:55:00+09:00
- 소요: 10분

### [DOC] FEATURE 문서 업데이트
- 시작: 2026-01-31T10:55:00+09:00
- 완료: 2026-01-31T11:00:00+09:00
- 소요: 5분

### [ETC] PR 생성
- 시작: 2026-01-31T11:00:00+09:00
- 완료: 2026-01-31T11:03:00+09:00
- 소요: 3분

## 작업 시간 요약

### 유형별 합산
- 문서작업 (DOC): 24분
- 코딩작업 (CODE): 15분
- 테스트작업 (TEST): 25분
- 기타 (ETC): 5분

### 총 작업 시간
- **실제 소요 시간**: 69분 (약 1시간 9분)
- **순수 작업 시간**: 64분 (문서+코딩+테스트)
